<?xml version="1.0" encoding="UTF-8"?>
<testsuite name="com.example.demo.DemoApplicationTests" tests="1" skipped="0" failures="0" errors="0" timestamp="2023-10-04T23:47:39" hostname="ROMINA" time="0.741">
  <properties/>
  <testcase name="contextLoads()" classname="com.example.demo.DemoApplicationTests" time="0.741"/>
  <system-out><![CDATA[20:47:34.397 [Test worker] INFO org.springframework.test.context.support.AnnotationConfigContextLoaderUtils -- Could not detect default configuration classes for test class [com.example.demo.DemoApplicationTests]: DemoApplicationTests does not declare any static, non-private, non-final, nested classes annotated with @Configuration.
20:47:34.493 [Test worker] INFO org.springframework.boot.test.context.SpringBootTestContextBootstrapper -- Found @SpringBootConfiguration com.example.demo.DemoApplication for test class com.example.demo.DemoApplicationTests

  .   ____          _            __ _ _
 /\\ / ___'_ __ _ _(_)_ __  __ _ \ \ \ \
( ( )\___ | '_ | '_| | '_ \/ _` | \ \ \ \
 \\/  ___)| |_)| | | | | || (_| |  ) ) ) )
  '  |____| .__|_| |_|_| |_\__, | / / / /
 =========|_|==============|___/=/_/_/_/
 :: Spring Boot ::                (v3.1.4)

2023-10-04T20:47:34.899-03:00  INFO 2784 --- [    Test worker] com.example.demo.DemoApplicationTests    : Starting DemoApplicationTests using Java 17.0.8 with PID 2784 (started by romin in C:\Users\romin\Escritorio\APIProyect\demo\demo)
2023-10-04T20:47:34.901-03:00  INFO 2784 --- [    Test worker] com.example.demo.DemoApplicationTests    : No active profile set, falling back to 1 default profile: "default"
2023-10-04T20:47:35.696-03:00  INFO 2784 --- [    Test worker] .s.d.r.c.RepositoryConfigurationDelegate : Bootstrapping Spring Data JPA repositories in DEFAULT mode.
2023-10-04T20:47:35.770-03:00  INFO 2784 --- [    Test worker] .s.d.r.c.RepositoryConfigurationDelegate : Finished Spring Data repository scanning in 66 ms. Found 5 JPA repository interfaces.
2023-10-04T20:47:36.192-03:00  INFO 2784 --- [    Test worker] o.hibernate.jpa.internal.util.LogHelper  : HHH000204: Processing PersistenceUnitInfo [name: default]
2023-10-04T20:47:36.308-03:00  INFO 2784 --- [    Test worker] org.hibernate.Version                    : HHH000412: Hibernate ORM core version 6.2.9.Final
2023-10-04T20:47:36.311-03:00  INFO 2784 --- [    Test worker] org.hibernate.cfg.Environment            : HHH000406: Using bytecode reflection optimizer
2023-10-04T20:47:36.507-03:00  INFO 2784 --- [    Test worker] o.h.b.i.BytecodeProviderInitiator        : HHH000021: Bytecode provider name : bytebuddy
2023-10-04T20:47:36.661-03:00  INFO 2784 --- [    Test worker] o.s.o.j.p.SpringPersistenceUnitInfo      : No LoadTimeWeaver setup: ignoring JPA class transformer
2023-10-04T20:47:36.685-03:00  INFO 2784 --- [    Test worker] com.zaxxer.hikari.HikariDataSource       : HikariPool-1 - Starting...
2023-10-04T20:47:36.872-03:00  INFO 2784 --- [    Test worker] com.zaxxer.hikari.pool.HikariPool        : HikariPool-1 - Added connection conn0: url=jdbc:h2:mem:./api_db user=ROOT
2023-10-04T20:47:36.874-03:00  INFO 2784 --- [    Test worker] com.zaxxer.hikari.HikariDataSource       : HikariPool-1 - Start completed.
2023-10-04T20:47:37.139-03:00  INFO 2784 --- [    Test worker] o.h.b.i.BytecodeProviderInitiator        : HHH000021: Bytecode provider name : bytebuddy
2023-10-04T20:47:37.792-03:00  INFO 2784 --- [    Test worker] o.h.e.t.j.p.i.JtaPlatformInitiator       : HHH000490: Using JtaPlatform implementation: [org.hibernate.engine.transaction.jta.platform.internal.NoJtaPlatform]
Hibernate: create table autor (id bigint generated by default as identity, apellido varchar(255), bibliografria varchar(1500), nombre varchar(255), primary key (id))
Hibernate: create table domicilio (id bigint generated by default as identity, calle varchar(255), numero integer, primary key (id))
Hibernate: create table domicilio_autores (domicilio_id bigint not null, autores_id bigint not null)
Hibernate: create table libro (id bigint generated by default as identity, fecha integer, genero varchar(255), paginas integer, titulo varchar(255), primary key (id))
Hibernate: create table localidad (id bigint generated by default as identity, denominacion varchar(255), domicilio_id bigint, primary key (id))
Hibernate: create table persona (id bigint generated by default as identity, apellido varchar(255), dni integer, nombre varchar(255), fk_domicilio bigint, primary key (id))
Hibernate: create table persona_libro (persona_id bigint not null, libro_id bigint not null)
Hibernate: alter table if exists persona drop constraint if exists UK_tf82o8p6mim2vdcl7kh56jltw
Hibernate: alter table if exists persona add constraint UK_tf82o8p6mim2vdcl7kh56jltw unique (fk_domicilio)
Hibernate: alter table if exists persona_libro drop constraint if exists UK_klwo566p2xgu8txcyls6vx0ai
Hibernate: alter table if exists persona_libro add constraint UK_klwo566p2xgu8txcyls6vx0ai unique (libro_id)
Hibernate: alter table if exists domicilio_autores add constraint FKbe19i3f4h7aseij92c71sxm77 foreign key (autores_id) references autor
Hibernate: alter table if exists domicilio_autores add constraint FKpabojksp9wmuagsma5lgpt6jb foreign key (domicilio_id) references domicilio
Hibernate: alter table if exists localidad add constraint FKlp4ex3x8bffhjovjqu2xae8i0 foreign key (domicilio_id) references domicilio
Hibernate: alter table if exists persona add constraint FKdvcd83wmvj0mwmbu3kyoisobn foreign key (fk_domicilio) references domicilio
Hibernate: alter table if exists persona_libro add constraint FK6oar3k71e0huyyjlxd0a8qnct foreign key (libro_id) references libro
Hibernate: alter table if exists persona_libro add constraint FKd8c57cn01g1qhcax4yanhi2o4 foreign key (persona_id) references persona
2023-10-04T20:47:37.861-03:00  INFO 2784 --- [    Test worker] j.LocalContainerEntityManagerFactoryBean : Initialized JPA EntityManagerFactory for persistence unit 'default'
2023-10-04T20:47:38.401-03:00  INFO 2784 --- [    Test worker] o.s.d.j.r.query.QueryEnhancerFactory     : Hibernate is in classpath; If applicable, HQL parser will be used.
2023-10-04T20:47:39.055-03:00  WARN 2784 --- [    Test worker] JpaBaseConfiguration$JpaWebConfiguration : spring.jpa.open-in-view is enabled by default. Therefore, database queries may be performed during view rendering. Explicitly configure spring.jpa.open-in-view to disable this warning
2023-10-04T20:47:39.486-03:00  INFO 2784 --- [    Test worker] o.s.b.a.h2.H2ConsoleAutoConfiguration    : H2 console available at '/h2-console'. Database available at 'jdbc:h2:mem:./api_db'
2023-10-04T20:47:39.564-03:00  INFO 2784 --- [    Test worker] com.example.demo.DemoApplicationTests    : Started DemoApplicationTests in 4.895 seconds (process running for 6.171)
]]></system-out>
  <system-err><![CDATA[]]></system-err>
</testsuite>
